<?xml version="1.0" encoding="UTF-8"?>
<!-- Generated by org.testng.reporters.JUnitXMLReporter -->
<testsuite ignored="0" hostname="DEEPAKs-MacBook-Air.local" failures="0" tests="5" name="Opencart HomepageTest" time="37.33" errors="0" timestamp="2025-01-29T01:49:05 GMT">
  <testcase classname="com.qa.amazon.tests.HomePagetest" name="homepageTitleTest" time="1.069"/>
  <testcase classname="com.qa.amazon.tests.HomePagetest" name="homepageURLTest" time="0.009"/>
  <testcase classname="com.qa.amazon.tests.HomePagetest" name="searchtest" time="3.923"/>
  <testcase classname="com.qa.amazon.tests.HomePagetest" name="searchtest" time="1.218"/>
  <testcase classname="com.qa.amazon.tests.HomePagetest" name="searchtest" time="0.543"/>
</testsuite> <!-- Opencart HomepageTest -->
