<?xml version="1.0" encoding="UTF-8"?>
<!-- Generated by org.testng.reporters.JUnitXMLReporter -->
<testsuite ignored="0" hostname="DEEPAKs-MacBook-Air.local" failures="0" tests="5" name="Opencart HomepageTest" time="38.708" errors="0" timestamp="2025-01-30T21:26:30 GMT">
  <testcase classname="com.qa.amazon.tests.HomePagetest" name="homepageTitleTest" time="1.165"/>
  <testcase classname="com.qa.amazon.tests.HomePagetest" name="homepageURLTest" time="1.106"/>
  <testcase classname="com.qa.amazon.tests.HomePagetest" name="searchtest" time="4.292"/>
  <testcase classname="com.qa.amazon.tests.HomePagetest" name="searchtest" time="1.367"/>
  <testcase classname="com.qa.amazon.tests.HomePagetest" name="searchtest" time="0.621"/>
</testsuite> <!-- Opencart HomepageTest -->
