<?xml version="1.0" encoding="UTF-8"?>
<!-- Generated by org.testng.reporters.JUnitXMLReporter -->
<testsuite ignored="0" hostname="DEEPAKs-MacBook-Air.local" failures="0" tests="4" name="Opencart LoginpageTest" time="34.093" errors="0" timestamp="2025-01-29T01:49:02 GMT">
  <testcase classname="com.qa.amazon.tests.LoginPageTest" name="loginPageNavigationTest" time="8.173"/>
  <testcase classname="com.qa.amazon.tests.LoginPageTest" name="forgotPwdLinkExistTest" time="0.105"/>
  <testcase classname="com.qa.amazon.tests.LoginPageTest" name="homepageURLTest" time="0.001"/>
  <testcase classname="com.qa.amazon.tests.LoginPageTest" name="appLoginTest" time="2.453"/>
</testsuite> <!-- Opencart LoginpageTest -->
