<?xml version="1.0" encoding="UTF-8"?>
<!-- Generated by org.testng.reporters.JUnitXMLReporter -->
<testsuite ignored="0" hostname="DEEPAKs-MacBook-Air.local" failures="0" tests="4" name="Opencart LoginpageTest" time="34.936" errors="0" timestamp="2025-01-30T21:26:26 GMT">
  <testcase classname="com.qa.amazon.tests.LoginPageTest" name="loginPageNavigationTest" time="5.705"/>
  <testcase classname="com.qa.amazon.tests.LoginPageTest" name="forgotPwdLinkExistTest" time="0.673"/>
  <testcase classname="com.qa.amazon.tests.LoginPageTest" name="homepageURLTest" time="0.006"/>
  <testcase classname="com.qa.amazon.tests.LoginPageTest" name="appLoginTest" time="3.163"/>
</testsuite> <!-- Opencart LoginpageTest -->
