<?xml version="1.0" encoding="UTF-8"?>
<!-- Generated by org.testng.reporters.JUnitXMLReporter -->
<testsuite ignored="0" hostname="DEEPAKs-MacBook-Air.local" failures="0" tests="3" name="Default test" time="21.275" errors="0" timestamp="2025-01-28T22:38:17 GMT">
  <testcase classname="com.qa.amazon.tests.LoginPageTest" name="loginPageNavigationTest" time="5.45"/>
  <testcase classname="com.qa.amazon.tests.LoginPageTest" name="forgotPwdLinkExistTest" time="0.098"/>
  <testcase classname="com.qa.amazon.tests.LoginPageTest" name="appLoginTest" time="1.332"/>
</testsuite> <!-- Default test -->
