<?xml version="1.0" encoding="UTF-8"?>
<testng-results ignored="0" total="9" passed="9" failed="0" skipped="0">
  <reporter-output>
  </reporter-output>
  <suite started-at="2025-01-29T01:48:27 GMT" name="Opencart Test Regression" finished-at="2025-01-29T01:49:05 GMT" duration-ms="37330">
    <groups>
    </groups>
    <test started-at="2025-01-29T01:48:27 GMT" name="Opencart LoginpageTest" finished-at="2025-01-29T01:49:02 GMT" duration-ms="34093">
      <class name="com.qa.amazon.tests.LoginPageTest">
        <test-method is-config="true" signature="setup()[pri:0, instance:com.qa.amazon.tests.LoginPageTest@5ab956d7]" started-at="2025-01-29T01:48:27 GMT" name="setup" finished-at="2025-01-29T01:48:48 GMT" duration-ms="20435" status="PASS">
          <reporter-output>
          </reporter-output>
        </test-method> <!-- setup -->
        <test-method signature="loginPageNavigationTest()[pri:1, instance:com.qa.amazon.tests.LoginPageTest@5ab956d7]" started-at="2025-01-29T01:48:48 GMT" name="loginPageNavigationTest" finished-at="2025-01-29T01:48:56 GMT" duration-ms="8173" status="PASS">
          <reporter-output>
          </reporter-output>
        </test-method> <!-- loginPageNavigationTest -->
        <test-method signature="forgotPwdLinkExistTest()[pri:2, instance:com.qa.amazon.tests.LoginPageTest@5ab956d7]" started-at="2025-01-29T01:48:57 GMT" name="forgotPwdLinkExistTest" finished-at="2025-01-29T01:48:58 GMT" duration-ms="105" status="PASS">
          <reporter-output>
          </reporter-output>
        </test-method> <!-- forgotPwdLinkExistTest -->
        <test-method signature="homepageURLTest()[pri:3, instance:com.qa.amazon.tests.LoginPageTest@5ab956d7]" started-at="2025-01-29T01:48:58 GMT" name="homepageURLTest" finished-at="2025-01-29T01:48:58 GMT" duration-ms="1" status="PASS">
          <reporter-output>
          </reporter-output>
        </test-method> <!-- homepageURLTest -->
        <test-method signature="appLoginTest()[pri:4, instance:com.qa.amazon.tests.LoginPageTest@5ab956d7]" started-at="2025-01-29T01:48:58 GMT" name="appLoginTest" finished-at="2025-01-29T01:49:00 GMT" duration-ms="2453" status="PASS">
          <reporter-output>
          </reporter-output>
        </test-method> <!-- appLoginTest -->
        <test-method is-config="true" signature="tearDown()[pri:0, instance:com.qa.amazon.tests.LoginPageTest@5ab956d7]" started-at="2025-01-29T01:49:01 GMT" name="tearDown" finished-at="2025-01-29T01:49:02 GMT" duration-ms="747" status="PASS">
          <reporter-output>
          </reporter-output>
        </test-method> <!-- tearDown -->
      </class> <!-- com.qa.amazon.tests.LoginPageTest -->
    </test> <!-- Opencart LoginpageTest -->
    <test started-at="2025-01-29T01:48:27 GMT" name="Opencart HomepageTest" finished-at="2025-01-29T01:49:05 GMT" duration-ms="37330">
      <class name="com.qa.amazon.tests.HomePagetest">
        <test-method is-config="true" signature="setup()[pri:0, instance:com.qa.amazon.tests.HomePagetest@d9345cd]" started-at="2025-01-29T01:48:27 GMT" name="setup" finished-at="2025-01-29T01:48:48 GMT" duration-ms="20435" status="PASS">
          <reporter-output>
          </reporter-output>
        </test-method> <!-- setup -->
        <test-method signature="homepageTitleTest()[pri:0, instance:com.qa.amazon.tests.HomePagetest@d9345cd]" started-at="2025-01-29T01:48:48 GMT" name="homepageTitleTest" finished-at="2025-01-29T01:48:49 GMT" duration-ms="1069" status="PASS">
          <reporter-output>
          </reporter-output>
        </test-method> <!-- homepageTitleTest -->
        <test-method signature="homepageURLTest()[pri:0, instance:com.qa.amazon.tests.HomePagetest@d9345cd]" started-at="2025-01-29T01:48:54 GMT" name="homepageURLTest" finished-at="2025-01-29T01:48:54 GMT" duration-ms="9" status="PASS">
          <reporter-output>
          </reporter-output>
        </test-method> <!-- homepageURLTest -->
        <test-method signature="searchtest(java.lang.String)[pri:0, instance:com.qa.amazon.tests.HomePagetest@d9345cd]" started-at="2025-01-29T01:48:57 GMT" name="searchtest" data-provider="getproductData" finished-at="2025-01-29T01:49:01 GMT" duration-ms="3923" status="PASS">
          <params>
            <param index="0">
              <value>
                <![CDATA[Macbook]]>
              </value>
            </param>
          </params>
          <reporter-output>
          </reporter-output>
        </test-method> <!-- searchtest -->
        <test-method signature="searchtest(java.lang.String)[pri:0, instance:com.qa.amazon.tests.HomePagetest@d9345cd]" started-at="2025-01-29T01:49:02 GMT" name="searchtest" data-provider="getproductData" finished-at="2025-01-29T01:49:03 GMT" duration-ms="1218" status="PASS">
          <params>
            <param index="0">
              <value>
                <![CDATA[iMac]]>
              </value>
            </param>
          </params>
          <reporter-output>
          </reporter-output>
        </test-method> <!-- searchtest -->
        <test-method signature="searchtest(java.lang.String)[pri:0, instance:com.qa.amazon.tests.HomePagetest@d9345cd]" started-at="2025-01-29T01:49:04 GMT" name="searchtest" data-provider="getproductData" finished-at="2025-01-29T01:49:04 GMT" duration-ms="543" status="PASS">
          <params>
            <param index="0">
              <value>
                <![CDATA[samsung]]>
              </value>
            </param>
          </params>
          <reporter-output>
          </reporter-output>
        </test-method> <!-- searchtest -->
        <test-method is-config="true" signature="tearDown()[pri:0, instance:com.qa.amazon.tests.HomePagetest@d9345cd]" started-at="2025-01-29T01:49:04 GMT" name="tearDown" finished-at="2025-01-29T01:49:05 GMT" duration-ms="339" status="PASS">
          <reporter-output>
          </reporter-output>
        </test-method> <!-- tearDown -->
      </class> <!-- com.qa.amazon.tests.HomePagetest -->
    </test> <!-- Opencart HomepageTest -->
  </suite> <!-- Opencart Test Regression -->
</testng-results>
