<?xml version="1.0" encoding="UTF-8"?>
<testng-results ignored="0" total="9" passed="9" failed="0" skipped="0">
  <reporter-output>
  </reporter-output>
  <suite started-at="2025-01-30T21:25:51 GMT" name="Opencart Test Regression" finished-at="2025-01-30T21:26:30 GMT" duration-ms="38708">
    <groups>
    </groups>
    <test started-at="2025-01-30T21:25:51 GMT" name="Opencart LoginpageTest" finished-at="2025-01-30T21:26:26 GMT" duration-ms="34936">
      <class name="com.qa.amazon.tests.LoginPageTest">
        <test-method is-config="true" signature="setup()[pri:0, instance:com.qa.amazon.tests.LoginPageTest@5ab956d7]" started-at="2025-01-30T21:25:51 GMT" name="setup" finished-at="2025-01-30T21:26:12 GMT" duration-ms="21237" status="PASS">
          <reporter-output>
          </reporter-output>
        </test-method> <!-- setup -->
        <test-method signature="loginPageNavigationTest()[pri:1, instance:com.qa.amazon.tests.LoginPageTest@5ab956d7]" started-at="2025-01-30T21:26:12 GMT" name="loginPageNavigationTest" finished-at="2025-01-30T21:26:18 GMT" duration-ms="5705" status="PASS">
          <reporter-output>
          </reporter-output>
        </test-method> <!-- loginPageNavigationTest -->
        <test-method signature="forgotPwdLinkExistTest()[pri:2, instance:com.qa.amazon.tests.LoginPageTest@5ab956d7]" started-at="2025-01-30T21:26:20 GMT" name="forgotPwdLinkExistTest" finished-at="2025-01-30T21:26:21 GMT" duration-ms="673" status="PASS">
          <reporter-output>
          </reporter-output>
        </test-method> <!-- forgotPwdLinkExistTest -->
        <test-method signature="homepageURLTest()[pri:3, instance:com.qa.amazon.tests.LoginPageTest@5ab956d7]" started-at="2025-01-30T21:26:21 GMT" name="homepageURLTest" finished-at="2025-01-30T21:26:21 GMT" duration-ms="6" status="PASS">
          <reporter-output>
          </reporter-output>
        </test-method> <!-- homepageURLTest -->
        <test-method signature="appLoginTest()[pri:4, instance:com.qa.amazon.tests.LoginPageTest@5ab956d7]" started-at="2025-01-30T21:26:21 GMT" name="appLoginTest" finished-at="2025-01-30T21:26:24 GMT" duration-ms="3163" status="PASS">
          <reporter-output>
          </reporter-output>
        </test-method> <!-- appLoginTest -->
        <test-method is-config="true" signature="tearDown()[pri:0, instance:com.qa.amazon.tests.LoginPageTest@5ab956d7]" started-at="2025-01-30T21:26:25 GMT" name="tearDown" finished-at="2025-01-30T21:26:26 GMT" duration-ms="882" status="PASS">
          <reporter-output>
          </reporter-output>
        </test-method> <!-- tearDown -->
      </class> <!-- com.qa.amazon.tests.LoginPageTest -->
    </test> <!-- Opencart LoginpageTest -->
    <test started-at="2025-01-30T21:25:51 GMT" name="Opencart HomepageTest" finished-at="2025-01-30T21:26:30 GMT" duration-ms="38708">
      <class name="com.qa.amazon.tests.HomePagetest">
        <test-method is-config="true" signature="setup()[pri:0, instance:com.qa.amazon.tests.HomePagetest@d9345cd]" started-at="2025-01-30T21:25:51 GMT" name="setup" finished-at="2025-01-30T21:26:13 GMT" duration-ms="22135" status="PASS">
          <reporter-output>
          </reporter-output>
        </test-method> <!-- setup -->
        <test-method signature="homepageTitleTest()[pri:0, instance:com.qa.amazon.tests.HomePagetest@d9345cd]" started-at="2025-01-30T21:26:13 GMT" name="homepageTitleTest" finished-at="2025-01-30T21:26:14 GMT" duration-ms="1165" status="PASS">
          <reporter-output>
          </reporter-output>
        </test-method> <!-- homepageTitleTest -->
        <test-method signature="homepageURLTest()[pri:0, instance:com.qa.amazon.tests.HomePagetest@d9345cd]" started-at="2025-01-30T21:26:19 GMT" name="homepageURLTest" finished-at="2025-01-30T21:26:20 GMT" duration-ms="1106" status="PASS">
          <reporter-output>
          </reporter-output>
        </test-method> <!-- homepageURLTest -->
        <test-method signature="searchtest(java.lang.String)[pri:0, instance:com.qa.amazon.tests.HomePagetest@d9345cd]" started-at="2025-01-30T21:26:20 GMT" name="searchtest" data-provider="getproductData" finished-at="2025-01-30T21:26:25 GMT" duration-ms="4292" status="PASS">
          <params>
            <param index="0">
              <value>
                <![CDATA[Macbook]]>
              </value>
            </param>
          </params>
          <reporter-output>
          </reporter-output>
        </test-method> <!-- searchtest -->
        <test-method signature="searchtest(java.lang.String)[pri:0, instance:com.qa.amazon.tests.HomePagetest@d9345cd]" started-at="2025-01-30T21:26:27 GMT" name="searchtest" data-provider="getproductData" finished-at="2025-01-30T21:26:28 GMT" duration-ms="1367" status="PASS">
          <params>
            <param index="0">
              <value>
                <![CDATA[iMac]]>
              </value>
            </param>
          </params>
          <reporter-output>
          </reporter-output>
        </test-method> <!-- searchtest -->
        <test-method signature="searchtest(java.lang.String)[pri:0, instance:com.qa.amazon.tests.HomePagetest@d9345cd]" started-at="2025-01-30T21:26:28 GMT" name="searchtest" data-provider="getproductData" finished-at="2025-01-30T21:26:29 GMT" duration-ms="621" status="PASS">
          <params>
            <param index="0">
              <value>
                <![CDATA[samsung]]>
              </value>
            </param>
          </params>
          <reporter-output>
          </reporter-output>
        </test-method> <!-- searchtest -->
        <test-method is-config="true" signature="tearDown()[pri:0, instance:com.qa.amazon.tests.HomePagetest@d9345cd]" started-at="2025-01-30T21:26:29 GMT" name="tearDown" finished-at="2025-01-30T21:26:30 GMT" duration-ms="460" status="PASS">
          <reporter-output>
          </reporter-output>
        </test-method> <!-- tearDown -->
      </class> <!-- com.qa.amazon.tests.HomePagetest -->
    </test> <!-- Opencart HomepageTest -->
  </suite> <!-- Opencart Test Regression -->
</testng-results>
